<?xml version="1.0" encoding="UTF-8"?>
<testsuite xmlns:xsi="http://www.w3.org/2001/XMLSchema-instance" xsi:noNamespaceSchemaLocation="https://maven.apache.org/surefire/maven-surefire-plugin/xsd/surefire-test-report.xsd" version="3.0.2" name="com.aerospike.starters.demo.SyncDataTests" time="3.406" tests="2" errors="0" skipped="0" failures="0">
  <properties>
[...]
</properties>
  <testcase name="shouldHaveClientAndTemplateBeans" classname="com.aerospike.starters.demo.SyncDataTests" time="0.002">
    <system-out><![CDATA[2026-04-03T20:23:34.824+02:00  INFO 157183 --- [           main] t.c.s.AnnotationConfigContextLoaderUtils : Could not detect default configuration classes for test class [com.aerospike.starters.demo.SyncDataTests]: SyncDataTests does not declare any static, non-private, non-final, nested classes annotated with @Configuration.
2026-04-03T20:23:34.824+02:00  INFO 157183 --- [           main] .b.t.c.SpringBootTestContextBootstrapper : Found @SpringBootConfiguration com.aerospike.starters.demo.SpringDataAerospikeExampleApplication for test class com.aerospike.starters.demo.SyncDataTests
2026-04-03T20:23:34.825+02:00  INFO 157183 --- [           main] t.c.s.AnnotationConfigContextLoaderUtils : Could not detect default configuration classes for test class [com.aerospike.starters.demo.SyncDataTests]: SyncDataTests does not declare any static, non-private, non-final, nested classes annotated with @Configuration.
2026-04-03T20:23:34.825+02:00  INFO 157183 --- [           main] .b.t.c.SpringBootTestContextBootstrapper : Found @SpringBootConfiguration com.aerospike.starters.demo.SpringDataAerospikeExampleApplication for test class com.aerospike.starters.demo.SyncDataTests
2026-04-03T20:23:34.864+02:00  WARN 157183 --- [           main] c.p.t.common.utils.ContainerUtils        : Custom Docker image aerospike/aerospike-server:7.1.0.2 configured for the container. Note that it may not be compatible with the default Docker image aerospike/aerospike-server:7.2.0.6.
2026-04-03T20:23:34.864+02:00  INFO 157183 --- [           main] c.p.t.common.utils.ContainerUtils        : Starting container with Docker image: aerospike/aerospike-server:7.1.0.2
2026-04-03T20:23:34.864+02:00  INFO 157183 --- [           main] tc.aerospike/aerospike-server:7.1.0.2    : Creating container for image: aerospike/aerospike-server:7.1.0.2
2026-04-03T20:23:34.910+02:00  INFO 157183 --- [           main] tc.aerospike/aerospike-server:7.1.0.2    : Container aerospike/aerospike-server:7.1.0.2 is starting: 133917caaa1b70ff68b56b800d83aec3bf94f93c771d64ec6029eaa3e1fa5c1e
2026-04-03T20:23:37.006+02:00  INFO 157183 --- [     ducttape-1] com.aerospike.client                     : Add node BB993417774F6C2 127.0.0.1 33027
2026-04-03T20:23:37.034+02:00  INFO 157183 --- [           main] tc.aerospike/aerospike-server:7.1.0.2    : Container aerospike/aerospike-server:7.1.0.2 started in PT2.169404151S
2026-04-03T20:23:37.035+02:00  INFO 157183 --- [           main] .EmbeddedAerospikeBootstrapConfiguration : aerospike/aerospike-server:7.1.0.2 build 2024-07-02T22:21:52+02:00 (1 year 9 months ago) startup time is 2 seconds
2026-04-03T20:23:37.035+02:00  INFO 157183 --- [           main] .EmbeddedAerospikeBootstrapConfiguration : Started aerospike server. Connection details {embedded.aerospike.host=localhost, embedded.aerospike.port=33027, embedded.aerospike.namespace=TEST, embedded.aerospike.networkAlias=aerospike.testcontainer.docker, embedded.aerospike.internalPort=3000}

  .   ____          _            __ _ _
 /\\ / ___'_ __ _ _(_)_ __  __ _ \ \ \ \
( ( )\___ | '_ | '_| | '_ \/ _` | \ \ \ \
 \\/  ___)| |_)| | | | | || (_| |  ) ) ) )
  '  |____| .__|_| |_|_| |_\__, | / / / /
 =========|_|==============|___/=/_/_/_/

 :: Spring Boot ::                (v4.0.5)

2026-04-03T20:23:37.052+02:00  INFO 157183 --- [           main] c.aerospike.starters.demo.SyncDataTests  : No active profile set, falling back to 1 default profile: "default"
2026-04-03T20:23:37.096+02:00  INFO 157183 --- [           main] .s.d.r.c.RepositoryConfigurationDelegate : Bootstrapping Spring Data Aerospike repositories in DEFAULT mode.
2026-04-03T20:23:37.099+02:00  INFO 157183 --- [           main] .s.d.r.c.RepositoryConfigurationDelegate : Finished Spring Data repository scanning in 2 ms. Found 1 Aerospike repository interface.
2026-04-03T20:23:37.111+02:00  INFO 157183 --- [           main] o.s.cloud.context.scope.GenericScope     : BeanFactory id=7f19873f-49d0-360d-aca2-b895fb1bd51e
2026-04-03T20:23:37.135+02:00  INFO 157183 --- [           main] com.aerospike.client                     : Add node BB993417774F6C2 127.0.0.1 33027
2026-04-03T20:23:37.140+02:00  WARN 157183 --- [           main] o.s.data.convert.CustomConversions       : Registering converter from class java.util.Calendar to interface java.util.Map as writing converter although it doesn't convert to a store-supported type; You might want to check your annotation setup at the converter implementation
2026-04-03T20:23:37.140+02:00  WARN 157183 --- [           main] o.s.data.convert.CustomConversions       : Registering converter from interface java.util.Map to class java.util.Calendar as reading converter although it doesn't convert from a store-supported type; You might want to check your annotation setup at the converter implementation
2026-04-03T20:23:37.141+02:00  INFO 157183 --- [           main] d.a.c.AbstractAerospikeDataConfiguration : AerospikeDataSettings.scansEnabled: true
2026-04-03T20:23:37.141+02:00  INFO 157183 --- [           main] d.a.c.AbstractAerospikeDataConfiguration : AerospikeDataSettings.queryMaxRecords: 10000
2026-04-03T20:23:37.145+02:00  INFO 157183 --- [           main] .d.a.c.AerospikeDataConfigurationSupport : Periodic server version refreshing is not scheduled, interval (0) is <= 0
2026-04-03T20:23:37.147+02:00  INFO 157183 --- [           main] d.a.c.AbstractAerospikeDataConfiguration : AerospikeDataSettings.indexCacheRefreshSeconds: 3600
2026-04-03T20:23:37.150+02:00  INFO 157183 --- [           main] d.a.c.AbstractAerospikeDataConfiguration : AerospikeDataSettings.indexesOnStartup: true
2026-04-03T20:23:38.222+02:00  INFO 157183 --- [           main] i.AerospikePersistenceEntityIndexCreator : Installed aerospike index: AerospikeIndexDefinition(name=Customer_lastName_string_default, bin=lastName, type=STRING, collectionType=DEFAULT, entityClass=class com.aerospike.starters.demo.Customer, ctx=null) successfully.
2026-04-03T20:23:38.224+02:00  INFO 157183 --- [           main] c.aerospike.starters.demo.SyncDataTests  : Started SyncDataTests in 3.396 seconds (process running for 8.887)
]]></system-out>
  </testcase>
  <testcase name="printClientPolicy" classname="com.aerospike.starters.demo.SyncDataTests" time="0.001">
    <system-out><![CDATA[Java Client ReadPolicyDefault -- sendKey:false
Java Client ReadPolicyDefault -- sendKey:true
]]></system-out>
  </testcase>
</testsuite>